=========================
FCITX 4.2.9.5 -- Get Signal No.: 6
Date: try "date -d @1548851594" if you are using GNU date ***
ProcessID: 2978
/usr/bin/fcitx(+0x1617)[0x563bb970b617]
/lib64/libc.so.6(+0x368d0)[0x7f2abc95f8d0]
/lib64/libc.so.6(gsignal+0x10b)[0x7f2abc95f80b]
/lib64/libc.so.6(abort+0x151)[0x7f2abc961051]
/lib64/libc.so.6(+0x7d087)[0x7f2abc9a6087]
/lib64/libc.so.6(+0x118346)[0x7f2abca41346]
/lib64/libc.so.6(+0x118391)[0x7f2abca41391]
/lib64/libc.so.6(+0x115b00)[0x7f2abca3eb00]
/lib64/libc.so.6(__fdelt_warn+0x3e)[0x7f2abca411fe]
/usr/lib64/fcitx/fcitx-dbus.so(+0x2313)[0x7f2abbeb8313]
/usr/lib64/fcitx/fcitx-dbus.so(+0x24e1)[0x7f2abbeb84e1]
/usr/lib64/libfcitx-core.so.0(+0xa2f4)[0x7f2abd3452f4]
/usr/lib64/libfcitx-core.so.0(FcitxInstanceRun+0x3f)[0x7f2abd345a9f]
/usr/bin/fcitx(+0xf5c)[0x563bb970af5c]
/lib64/libc.so.6(__libc_start_main+0xe7)[0x7f2abc94aae7]
/usr/bin/fcitx(+0xfda)[0x563bb970afda]
